<?xml version="1.0" encoding="UTF-8"?>
<!-- Generated by org.testng.reporters.JUnitReportReporter -->
<testsuite hostname="DHARSHAN" failures="0" tests="1" name="learning.loandept" time="0.000" errors="0" timestamp="02 Oct 2018 14:53:12 GMT" skipped="0">
  <testcase classname="learning.loandept" name="carloan" time="0.000"/>
</testsuite> <!-- learning.loandept -->
