<?xml version="1.0" encoding="UTF-8"?>
<!-- Generated by org.testng.reporters.JUnitReportReporter -->
<testsuite hostname="DHARSHAN" failures="0" tests="1" name="learning.econtrol" time="0.002" errors="0" timestamp="02 Oct 2018 14:53:12 GMT" skipped="0">
  <testcase classname="learning.econtrol" name="nmod" time="0.002"/>
</testsuite> <!-- learning.econtrol -->
