<?xml version="1.0" encoding="UTF-8"?>
<!-- Generated by org.testng.reporters.JUnitReportReporter -->
<testsuite hostname="MITHUN" failures="0" tests="2" name="learning.Testngdataprovider" time="0.013" errors="0" timestamp="26 Apr 2020 18:46:26 GMT" skipped="0">
  <testcase classname="learning.Testngdataprovider" name="login" time="0.013"/>
  <testcase classname="learning.Testngdataprovider" name="login" time="0.000"/>
</testsuite> <!-- learning.Testngdataprovider -->
